2022/08/19 10:57:11 [notice] 1#1: using the "epoll" event method
2022/08/19 10:57:11 [notice] 1#1: nginx/1.23.1
2022/08/19 10:57:11 [notice] 1#1: built by gcc 10.2.1 20210110 (Debian 10.2.1-6) 
2022/08/19 10:57:11 [notice] 1#1: OS: Linux 5.4.0-122-generic
2022/08/19 10:57:11 [notice] 1#1: getrlimit(RLIMIT_NOFILE): 1048576:1048576
2022/08/19 10:57:11 [notice] 1#1: start worker processes
2022/08/19 10:57:11 [notice] 1#1: start worker process 30
2022/08/19 10:57:11 [notice] 1#1: start worker process 31
2022/08/19 10:57:11 [notice] 1#1: start worker process 32
2022/08/19 10:57:11 [notice] 1#1: start worker process 33
2022/08/19 10:57:11 [notice] 1#1: start worker process 34
2022/08/19 10:57:11 [notice] 1#1: start worker process 35
2022/08/19 10:57:11 [notice] 1#1: start worker process 36
2022/08/19 10:57:11 [notice] 1#1: start worker process 37
2022/08/19 10:58:22 [notice] 1#1: signal 3 (SIGQUIT) received, shutting down
2022/08/19 10:58:22 [notice] 31#31: gracefully shutting down
2022/08/19 10:58:22 [notice] 32#32: gracefully shutting down
2022/08/19 10:58:22 [notice] 33#33: gracefully shutting down
2022/08/19 10:58:22 [notice] 30#30: gracefully shutting down
2022/08/19 10:58:22 [notice] 34#34: gracefully shutting down
2022/08/19 10:58:22 [notice] 31#31: exiting
2022/08/19 10:58:22 [notice] 36#36: gracefully shutting down
2022/08/19 10:58:22 [notice] 32#32: exiting
2022/08/19 10:58:22 [notice] 33#33: exiting
2022/08/19 10:58:22 [notice] 30#30: exiting
2022/08/19 10:58:22 [notice] 34#34: exiting
2022/08/19 10:58:22 [notice] 36#36: exiting
2022/08/19 10:58:22 [notice] 33#33: exit
2022/08/19 10:58:22 [notice] 31#31: exit
2022/08/19 10:58:22 [notice] 32#32: exit
2022/08/19 10:58:22 [notice] 34#34: exit
2022/08/19 10:58:22 [notice] 36#36: exit
2022/08/19 10:58:22 [notice] 30#30: exit
2022/08/19 10:58:22 [notice] 35#35: gracefully shutting down
2022/08/19 10:58:22 [notice] 37#37: gracefully shutting down
2022/08/19 10:58:22 [notice] 35#35: exiting
2022/08/19 10:58:22 [notice] 37#37: exiting
2022/08/19 10:58:22 [notice] 35#35: exit
2022/08/19 10:58:22 [notice] 37#37: exit
2022/08/19 10:58:22 [notice] 1#1: signal 17 (SIGCHLD) received from 31
2022/08/19 10:58:22 [notice] 1#1: worker process 31 exited with code 0
2022/08/19 10:58:22 [notice] 1#1: signal 29 (SIGIO) received
2022/08/19 10:58:22 [notice] 1#1: signal 17 (SIGCHLD) received from 34
2022/08/19 10:58:22 [notice] 1#1: worker process 34 exited with code 0
2022/08/19 10:58:22 [notice] 1#1: signal 29 (SIGIO) received
2022/08/19 10:58:22 [notice] 1#1: signal 17 (SIGCHLD) received from 30
2022/08/19 10:58:22 [notice] 1#1: worker process 30 exited with code 0
2022/08/19 10:58:22 [notice] 1#1: worker process 33 exited with code 0
2022/08/19 10:58:22 [notice] 1#1: worker process 36 exited with code 0
2022/08/19 10:58:22 [notice] 1#1: signal 29 (SIGIO) received
2022/08/19 10:58:22 [notice] 1#1: signal 17 (SIGCHLD) received from 36
2022/08/19 10:58:22 [notice] 1#1: signal 17 (SIGCHLD) received from 35
2022/08/19 10:58:22 [notice] 1#1: worker process 35 exited with code 0
2022/08/19 10:58:22 [notice] 1#1: signal 29 (SIGIO) received
2022/08/19 10:58:22 [notice] 1#1: signal 17 (SIGCHLD) received from 32
2022/08/19 10:58:22 [notice] 1#1: worker process 32 exited with code 0
2022/08/19 10:58:22 [notice] 1#1: worker process 37 exited with code 0
2022/08/19 10:58:22 [notice] 1#1: exit
2022/08/19 10:58:36 [notice] 1#1: using the "epoll" event method
2022/08/19 10:58:36 [notice] 1#1: nginx/1.23.1
2022/08/19 10:58:36 [notice] 1#1: built by gcc 10.2.1 20210110 (Debian 10.2.1-6) 
2022/08/19 10:58:36 [notice] 1#1: OS: Linux 5.4.0-122-generic
2022/08/19 10:58:36 [notice] 1#1: getrlimit(RLIMIT_NOFILE): 1048576:1048576
2022/08/19 10:58:36 [notice] 1#1: start worker processes
2022/08/19 10:58:36 [notice] 1#1: start worker process 30
2022/08/19 10:58:36 [notice] 1#1: start worker process 31
2022/08/19 10:58:36 [notice] 1#1: start worker process 32
2022/08/19 10:58:36 [notice] 1#1: start worker process 33
2022/08/19 10:58:36 [notice] 1#1: start worker process 34
2022/08/19 10:58:36 [notice] 1#1: start worker process 35
2022/08/19 10:58:36 [notice] 1#1: start worker process 36
2022/08/19 10:58:36 [notice] 1#1: start worker process 37
2022/08/19 11:01:43 [notice] 1#1: signal 3 (SIGQUIT) received, shutting down
2022/08/19 11:01:43 [notice] 32#32: gracefully shutting down
2022/08/19 11:01:43 [notice] 33#33: gracefully shutting down
2022/08/19 11:01:43 [notice] 34#34: gracefully shutting down
2022/08/19 11:01:43 [notice] 35#35: gracefully shutting down
2022/08/19 11:01:43 [notice] 31#31: gracefully shutting down
2022/08/19 11:01:43 [notice] 32#32: exiting
2022/08/19 11:01:43 [notice] 33#33: exiting
2022/08/19 11:01:43 [notice] 34#34: exiting
2022/08/19 11:01:43 [notice] 35#35: exiting
2022/08/19 11:01:43 [notice] 31#31: exiting
2022/08/19 11:01:43 [notice] 33#33: exit
2022/08/19 11:01:43 [notice] 32#32: exit
2022/08/19 11:01:43 [notice] 35#35: exit
2022/08/19 11:01:43 [notice] 31#31: exit
2022/08/19 11:01:43 [notice] 30#30: gracefully shutting down
2022/08/19 11:01:43 [notice] 30#30: exiting
2022/08/19 11:01:43 [notice] 37#37: gracefully shutting down
2022/08/19 11:01:43 [notice] 37#37: exiting
2022/08/19 11:01:43 [notice] 30#30: exit
2022/08/19 11:01:43 [notice] 37#37: exit
2022/08/19 11:01:43 [notice] 36#36: gracefully shutting down
2022/08/19 11:01:43 [notice] 36#36: exiting
2022/08/19 11:01:43 [notice] 36#36: exit
2022/08/19 11:01:43 [notice] 34#34: exit
2022/08/19 11:01:43 [notice] 1#1: signal 17 (SIGCHLD) received from 37
2022/08/19 11:01:43 [notice] 1#1: worker process 34 exited with code 0
2022/08/19 11:01:43 [notice] 1#1: worker process 37 exited with code 0
2022/08/19 11:01:43 [notice] 1#1: signal 29 (SIGIO) received
2022/08/19 11:01:43 [notice] 1#1: signal 17 (SIGCHLD) received from 32
2022/08/19 11:01:43 [notice] 1#1: worker process 32 exited with code 0
2022/08/19 11:01:43 [notice] 1#1: worker process 36 exited with code 0
2022/08/19 11:01:43 [notice] 1#1: signal 29 (SIGIO) received
2022/08/19 11:01:43 [notice] 1#1: signal 17 (SIGCHLD) received from 36
2022/08/19 11:01:43 [notice] 1#1: signal 17 (SIGCHLD) received from 33
2022/08/19 11:01:43 [notice] 1#1: worker process 33 exited with code 0
2022/08/19 11:01:43 [notice] 1#1: signal 29 (SIGIO) received
2022/08/19 11:01:43 [notice] 1#1: signal 17 (SIGCHLD) received from 30
2022/08/19 11:01:43 [notice] 1#1: worker process 30 exited with code 0
2022/08/19 11:01:43 [notice] 1#1: signal 29 (SIGIO) received
2022/08/19 11:01:43 [notice] 1#1: signal 17 (SIGCHLD) received from 35
2022/08/19 11:01:43 [notice] 1#1: worker process 35 exited with code 0
2022/08/19 11:01:43 [notice] 1#1: signal 29 (SIGIO) received
2022/08/19 11:01:43 [notice] 1#1: signal 17 (SIGCHLD) received from 31
2022/08/19 11:01:43 [notice] 1#1: worker process 31 exited with code 0
2022/08/19 11:01:43 [notice] 1#1: exit
2022/08/19 11:02:18 [notice] 1#1: using the "epoll" event method
2022/08/19 11:02:18 [notice] 1#1: nginx/1.23.1
2022/08/19 11:02:18 [notice] 1#1: built by gcc 10.2.1 20210110 (Debian 10.2.1-6) 
2022/08/19 11:02:18 [notice] 1#1: OS: Linux 5.4.0-122-generic
2022/08/19 11:02:18 [notice] 1#1: getrlimit(RLIMIT_NOFILE): 1048576:1048576
2022/08/19 11:02:18 [notice] 1#1: start worker processes
2022/08/19 11:02:18 [notice] 1#1: start worker process 30
2022/08/19 11:02:18 [notice] 1#1: start worker process 31
2022/08/19 11:02:18 [notice] 1#1: start worker process 32
2022/08/19 11:02:18 [notice] 1#1: start worker process 33
2022/08/19 11:02:18 [notice] 1#1: start worker process 34
2022/08/19 11:02:18 [notice] 1#1: start worker process 35
2022/08/19 11:02:18 [notice] 1#1: start worker process 36
2022/08/19 11:02:18 [notice] 1#1: start worker process 37
2022/08/19 11:02:26 [notice] 1#1: signal 3 (SIGQUIT) received, shutting down
2022/08/19 11:02:26 [notice] 30#30: gracefully shutting down
2022/08/19 11:02:26 [notice] 31#31: gracefully shutting down
2022/08/19 11:02:26 [notice] 32#32: gracefully shutting down
2022/08/19 11:02:26 [notice] 33#33: gracefully shutting down
2022/08/19 11:02:26 [notice] 34#34: gracefully shutting down
2022/08/19 11:02:26 [notice] 30#30: exiting
2022/08/19 11:02:26 [notice] 31#31: exiting
2022/08/19 11:02:26 [notice] 36#36: gracefully shutting down
2022/08/19 11:02:26 [notice] 32#32: exiting
2022/08/19 11:02:26 [notice] 33#33: exiting
2022/08/19 11:02:26 [notice] 34#34: exiting
2022/08/19 11:02:26 [notice] 36#36: exiting
2022/08/19 11:02:26 [notice] 30#30: exit
2022/08/19 11:02:26 [notice] 31#31: exit
2022/08/19 11:02:26 [notice] 32#32: exit
2022/08/19 11:02:26 [notice] 34#34: exit
2022/08/19 11:02:26 [notice] 33#33: exit
2022/08/19 11:02:26 [notice] 36#36: exit
2022/08/19 11:02:26 [notice] 35#35: gracefully shutting down
2022/08/19 11:02:26 [notice] 35#35: exiting
2022/08/19 11:02:26 [notice] 37#37: gracefully shutting down
2022/08/19 11:02:26 [notice] 35#35: exit
2022/08/19 11:02:26 [notice] 37#37: exiting
2022/08/19 11:02:26 [notice] 37#37: exit
2022/08/19 11:02:26 [notice] 1#1: signal 17 (SIGCHLD) received from 34
2022/08/19 11:02:26 [notice] 1#1: worker process 32 exited with code 0
2022/08/19 11:02:26 [notice] 1#1: worker process 31 exited with code 0
2022/08/19 11:02:26 [notice] 1#1: worker process 33 exited with code 0
2022/08/19 11:02:26 [notice] 1#1: worker process 34 exited with code 0
2022/08/19 11:02:26 [notice] 1#1: worker process 35 exited with code 0
2022/08/19 11:02:26 [notice] 1#1: worker process 36 exited with code 0
2022/08/19 11:02:26 [notice] 1#1: signal 29 (SIGIO) received
2022/08/19 11:02:26 [notice] 1#1: signal 17 (SIGCHLD) received from 35
2022/08/19 11:02:26 [notice] 1#1: worker process 30 exited with code 0
2022/08/19 11:02:26 [notice] 1#1: signal 29 (SIGIO) received
2022/08/19 11:02:26 [notice] 1#1: signal 17 (SIGCHLD) received from 37
2022/08/19 11:02:26 [notice] 1#1: worker process 37 exited with code 0
2022/08/19 11:02:26 [notice] 1#1: exit
2022/08/19 11:03:06 [notice] 1#1: using the "epoll" event method
2022/08/19 11:03:06 [notice] 1#1: nginx/1.23.1
2022/08/19 11:03:06 [notice] 1#1: built by gcc 10.2.1 20210110 (Debian 10.2.1-6) 
2022/08/19 11:03:06 [notice] 1#1: OS: Linux 5.4.0-122-generic
2022/08/19 11:03:06 [notice] 1#1: getrlimit(RLIMIT_NOFILE): 1048576:1048576
2022/08/19 11:03:06 [notice] 1#1: start worker processes
2022/08/19 11:03:06 [notice] 1#1: start worker process 30
2022/08/19 11:03:06 [notice] 1#1: start worker process 31
2022/08/19 11:03:06 [notice] 1#1: start worker process 32
2022/08/19 11:03:06 [notice] 1#1: start worker process 33
2022/08/19 11:03:06 [notice] 1#1: start worker process 34
2022/08/19 11:03:06 [notice] 1#1: start worker process 35
2022/08/19 11:03:06 [notice] 1#1: start worker process 36
2022/08/19 11:03:06 [notice] 1#1: start worker process 37
2022/08/19 11:05:30 [notice] 1#1: signal 3 (SIGQUIT) received, shutting down
2022/08/19 11:05:30 [notice] 31#31: gracefully shutting down
2022/08/19 11:05:30 [notice] 32#32: gracefully shutting down
2022/08/19 11:05:30 [notice] 35#35: gracefully shutting down
2022/08/19 11:05:30 [notice] 34#34: gracefully shutting down
2022/08/19 11:05:30 [notice] 33#33: gracefully shutting down
2022/08/19 11:05:30 [notice] 31#31: exiting
2022/08/19 11:05:30 [notice] 30#30: gracefully shutting down
2022/08/19 11:05:30 [notice] 32#32: exiting
2022/08/19 11:05:30 [notice] 35#35: exiting
2022/08/19 11:05:30 [notice] 34#34: exiting
2022/08/19 11:05:30 [notice] 33#33: exiting
2022/08/19 11:05:30 [notice] 30#30: exiting
2022/08/19 11:05:30 [notice] 35#35: exit
2022/08/19 11:05:30 [notice] 31#31: exit
2022/08/19 11:05:30 [notice] 32#32: exit
2022/08/19 11:05:30 [notice] 30#30: exit
2022/08/19 11:05:30 [notice] 33#33: exit
2022/08/19 11:05:30 [notice] 34#34: exit
2022/08/19 11:05:30 [notice] 36#36: gracefully shutting down
2022/08/19 11:05:30 [notice] 37#37: gracefully shutting down
2022/08/19 11:05:30 [notice] 36#36: exiting
2022/08/19 11:05:30 [notice] 37#37: exiting
2022/08/19 11:05:30 [notice] 36#36: exit
2022/08/19 11:05:30 [notice] 37#37: exit
2022/08/19 11:05:30 [notice] 1#1: signal 17 (SIGCHLD) received from 33
2022/08/19 11:05:30 [notice] 1#1: worker process 33 exited with code 0
2022/08/19 11:05:30 [notice] 1#1: signal 29 (SIGIO) received
2022/08/19 11:05:30 [notice] 1#1: signal 17 (SIGCHLD) received from 35
2022/08/19 11:05:30 [notice] 1#1: worker process 35 exited with code 0
2022/08/19 11:05:30 [notice] 1#1: signal 29 (SIGIO) received
2022/08/19 11:05:30 [notice] 1#1: signal 17 (SIGCHLD) received from 30
2022/08/19 11:05:30 [notice] 1#1: worker process 30 exited with code 0
2022/08/19 11:05:30 [notice] 1#1: worker process 31 exited with code 0
2022/08/19 11:05:30 [notice] 1#1: worker process 36 exited with code 0
2022/08/19 11:05:30 [notice] 1#1: signal 29 (SIGIO) received
2022/08/19 11:05:30 [notice] 1#1: signal 17 (SIGCHLD) received from 37
2022/08/19 11:05:30 [notice] 1#1: worker process 34 exited with code 0
2022/08/19 11:05:30 [notice] 1#1: worker process 37 exited with code 0
2022/08/19 11:05:30 [notice] 1#1: signal 29 (SIGIO) received
2022/08/19 11:05:30 [notice] 1#1: signal 17 (SIGCHLD) received from 32
2022/08/19 11:05:30 [notice] 1#1: worker process 32 exited with code 0
2022/08/19 11:05:30 [notice] 1#1: exit
2022/08/19 11:07:47 [notice] 1#1: using the "epoll" event method
2022/08/19 11:07:47 [notice] 1#1: nginx/1.23.1
2022/08/19 11:07:47 [notice] 1#1: built by gcc 10.2.1 20210110 (Debian 10.2.1-6) 
2022/08/19 11:07:47 [notice] 1#1: OS: Linux 5.4.0-122-generic
2022/08/19 11:07:47 [notice] 1#1: getrlimit(RLIMIT_NOFILE): 1048576:1048576
2022/08/19 11:07:47 [notice] 1#1: start worker processes
2022/08/19 11:07:47 [notice] 1#1: start worker process 30
2022/08/19 11:07:47 [notice] 1#1: start worker process 31
2022/08/19 11:07:47 [notice] 1#1: start worker process 32
2022/08/19 11:07:47 [notice] 1#1: start worker process 33
2022/08/19 11:07:47 [notice] 1#1: start worker process 34
2022/08/19 11:07:47 [notice] 1#1: start worker process 35
2022/08/19 11:07:47 [notice] 1#1: start worker process 36
2022/08/19 11:07:47 [notice] 1#1: start worker process 37
2022/08/19 11:58:15 [notice] 1#1: signal 3 (SIGQUIT) received, shutting down
2022/08/19 11:58:15 [notice] 30#30: gracefully shutting down
2022/08/19 11:58:15 [notice] 32#32: gracefully shutting down
2022/08/19 11:58:15 [notice] 33#33: gracefully shutting down
2022/08/19 11:58:15 [notice] 34#34: gracefully shutting down
2022/08/19 11:58:15 [notice] 35#35: gracefully shutting down
2022/08/19 11:58:15 [notice] 37#37: gracefully shutting down
2022/08/19 11:58:15 [notice] 30#30: exiting
2022/08/19 11:58:15 [notice] 33#33: exiting
2022/08/19 11:58:15 [notice] 34#34: exiting
2022/08/19 11:58:15 [notice] 32#32: exiting
2022/08/19 11:58:15 [notice] 35#35: exiting
2022/08/19 11:58:15 [notice] 37#37: exiting
2022/08/19 11:58:15 [notice] 30#30: exit
2022/08/19 11:58:15 [notice] 34#34: exit
2022/08/19 11:58:15 [notice] 32#32: exit
2022/08/19 11:58:15 [notice] 33#33: exit
2022/08/19 11:58:15 [notice] 35#35: exit
2022/08/19 11:58:15 [notice] 37#37: exit
2022/08/19 11:58:15 [notice] 36#36: gracefully shutting down
2022/08/19 11:58:15 [notice] 36#36: exiting
2022/08/19 11:58:15 [notice] 36#36: exit
2022/08/19 11:58:15 [notice] 31#31: gracefully shutting down
2022/08/19 11:58:15 [notice] 31#31: exiting
2022/08/19 11:58:15 [notice] 31#31: exit
2022/08/19 11:58:15 [notice] 1#1: signal 17 (SIGCHLD) received from 32
2022/08/19 11:58:15 [notice] 1#1: worker process 32 exited with code 0
2022/08/19 11:58:15 [notice] 1#1: signal 29 (SIGIO) received
2022/08/19 11:58:15 [notice] 1#1: signal 17 (SIGCHLD) received from 30
2022/08/19 11:58:15 [notice] 1#1: worker process 30 exited with code 0
2022/08/19 11:58:15 [notice] 1#1: signal 29 (SIGIO) received
2022/08/19 11:58:15 [notice] 1#1: signal 17 (SIGCHLD) received from 31
2022/08/19 11:58:15 [notice] 1#1: worker process 31 exited with code 0
2022/08/19 11:58:15 [notice] 1#1: worker process 34 exited with code 0
2022/08/19 11:58:15 [notice] 1#1: signal 29 (SIGIO) received
2022/08/19 11:58:15 [notice] 1#1: signal 17 (SIGCHLD) received from 34
2022/08/19 11:58:15 [notice] 1#1: worker process 35 exited with code 0
2022/08/19 11:58:15 [notice] 1#1: worker process 37 exited with code 0
2022/08/19 11:58:15 [notice] 1#1: signal 29 (SIGIO) received
2022/08/19 11:58:15 [notice] 1#1: signal 17 (SIGCHLD) received from 35
2022/08/19 11:58:15 [notice] 1#1: signal 17 (SIGCHLD) received from 36
2022/08/19 11:58:15 [notice] 1#1: worker process 36 exited with code 0
2022/08/19 11:58:15 [notice] 1#1: signal 29 (SIGIO) received
2022/08/19 11:58:15 [notice] 1#1: signal 17 (SIGCHLD) received from 33
2022/08/19 11:58:15 [notice] 1#1: worker process 33 exited with code 0
2022/08/19 11:58:15 [notice] 1#1: exit
2022/08/19 11:58:30 [notice] 1#1: using the "epoll" event method
2022/08/19 11:58:30 [notice] 1#1: nginx/1.23.1
2022/08/19 11:58:30 [notice] 1#1: built by gcc 10.2.1 20210110 (Debian 10.2.1-6) 
2022/08/19 11:58:30 [notice] 1#1: OS: Linux 5.4.0-122-generic
2022/08/19 11:58:30 [notice] 1#1: getrlimit(RLIMIT_NOFILE): 1048576:1048576
2022/08/19 11:58:30 [notice] 1#1: start worker processes
2022/08/19 11:58:30 [notice] 1#1: start worker process 29
2022/08/19 11:58:30 [notice] 1#1: start worker process 30
2022/08/19 11:58:30 [notice] 1#1: start worker process 31
2022/08/19 11:58:30 [notice] 1#1: start worker process 32
2022/08/19 11:58:30 [notice] 1#1: start worker process 33
2022/08/19 11:58:30 [notice] 1#1: start worker process 34
2022/08/19 11:58:30 [notice] 1#1: start worker process 35
2022/08/19 11:58:30 [notice] 1#1: start worker process 36
2022/08/19 12:31:22 [notice] 1#1: signal 3 (SIGQUIT) received, shutting down
2022/08/19 12:31:22 [notice] 29#29: gracefully shutting down
2022/08/19 12:31:22 [notice] 34#34: gracefully shutting down
2022/08/19 12:31:22 [notice] 35#35: gracefully shutting down
2022/08/19 12:31:22 [notice] 30#30: gracefully shutting down
2022/08/19 12:31:22 [notice] 36#36: gracefully shutting down
2022/08/19 12:31:22 [notice] 31#31: gracefully shutting down
2022/08/19 12:31:22 [notice] 34#34: exiting
2022/08/19 12:31:22 [notice] 29#29: exiting
2022/08/19 12:31:22 [notice] 35#35: exiting
2022/08/19 12:31:22 [notice] 36#36: exiting
2022/08/19 12:31:22 [notice] 30#30: exiting
2022/08/19 12:31:22 [notice] 31#31: exiting
2022/08/19 12:31:22 [notice] 35#35: exit
2022/08/19 12:31:22 [notice] 36#36: exit
2022/08/19 12:31:22 [notice] 34#34: exit
2022/08/19 12:31:22 [notice] 30#30: exit
2022/08/19 12:31:22 [notice] 31#31: exit
2022/08/19 12:31:22 [notice] 29#29: exit
2022/08/19 12:31:22 [notice] 33#33: gracefully shutting down
2022/08/19 12:31:22 [notice] 32#32: gracefully shutting down
2022/08/19 12:31:22 [notice] 33#33: exiting
2022/08/19 12:31:22 [notice] 32#32: exiting
2022/08/19 12:31:22 [notice] 33#33: exit
2022/08/19 12:31:22 [notice] 32#32: exit
2022/08/19 12:31:22 [notice] 1#1: signal 17 (SIGCHLD) received from 36
2022/08/19 12:31:22 [notice] 1#1: worker process 29 exited with code 0
2022/08/19 12:31:22 [notice] 1#1: worker process 31 exited with code 0
2022/08/19 12:31:22 [notice] 1#1: worker process 32 exited with code 0
2022/08/19 12:31:22 [notice] 1#1: worker process 34 exited with code 0
2022/08/19 12:31:22 [notice] 1#1: worker process 36 exited with code 0
2022/08/19 12:31:22 [notice] 1#1: signal 29 (SIGIO) received
2022/08/19 12:31:22 [notice] 1#1: signal 17 (SIGCHLD) received from 31
2022/08/19 12:31:22 [notice] 1#1: signal 17 (SIGCHLD) received from 30
2022/08/19 12:31:22 [notice] 1#1: worker process 30 exited with code 0
2022/08/19 12:31:22 [notice] 1#1: signal 29 (SIGIO) received
2022/08/19 12:31:22 [notice] 1#1: signal 17 (SIGCHLD) received from 35
2022/08/19 12:31:22 [notice] 1#1: worker process 33 exited with code 0
2022/08/19 12:31:22 [notice] 1#1: worker process 35 exited with code 0
2022/08/19 12:31:22 [notice] 1#1: exit
2022/08/19 12:31:42 [notice] 1#1: using the "epoll" event method
2022/08/19 12:31:42 [notice] 1#1: nginx/1.23.1
2022/08/19 12:31:42 [notice] 1#1: built by gcc 10.2.1 20210110 (Debian 10.2.1-6) 
2022/08/19 12:31:42 [notice] 1#1: OS: Linux 5.4.0-122-generic
2022/08/19 12:31:42 [notice] 1#1: getrlimit(RLIMIT_NOFILE): 1048576:1048576
2022/08/19 12:31:42 [notice] 1#1: start worker processes
2022/08/19 12:31:42 [notice] 1#1: start worker process 30
2022/08/19 12:31:42 [notice] 1#1: start worker process 31
2022/08/19 12:31:42 [notice] 1#1: start worker process 32
2022/08/19 12:31:42 [notice] 1#1: start worker process 33
2022/08/19 12:31:42 [notice] 1#1: start worker process 34
2022/08/19 12:31:42 [notice] 1#1: start worker process 35
2022/08/19 12:31:42 [notice] 1#1: start worker process 36
2022/08/19 12:31:42 [notice] 1#1: start worker process 37
2022/08/19 12:32:39 [notice] 1#1: signal 3 (SIGQUIT) received, shutting down
2022/08/19 12:32:39 [notice] 32#32: gracefully shutting down
2022/08/19 12:32:39 [notice] 33#33: gracefully shutting down
2022/08/19 12:32:39 [notice] 34#34: gracefully shutting down
2022/08/19 12:32:39 [notice] 30#30: gracefully shutting down
2022/08/19 12:32:39 [notice] 32#32: exiting
2022/08/19 12:32:39 [notice] 33#33: exiting
2022/08/19 12:32:39 [notice] 34#34: exiting
2022/08/19 12:32:39 [notice] 30#30: exiting
2022/08/19 12:32:39 [notice] 34#34: exit
2022/08/19 12:32:39 [notice] 30#30: exit
2022/08/19 12:32:39 [notice] 33#33: exit
2022/08/19 12:32:39 [notice] 32#32: exit
2022/08/19 12:32:39 [notice] 31#31: gracefully shutting down
2022/08/19 12:32:39 [notice] 37#37: gracefully shutting down
2022/08/19 12:32:39 [notice] 37#37: exiting
2022/08/19 12:32:39 [notice] 36#36: gracefully shutting down
2022/08/19 12:32:39 [notice] 37#37: exit
2022/08/19 12:32:39 [notice] 36#36: exiting
2022/08/19 12:32:39 [notice] 31#31: exiting
2022/08/19 12:32:39 [notice] 36#36: exit
2022/08/19 12:32:39 [notice] 31#31: exit
2022/08/19 12:32:39 [notice] 35#35: gracefully shutting down
2022/08/19 12:32:39 [notice] 35#35: exiting
2022/08/19 12:32:39 [notice] 35#35: exit
2022/08/19 12:32:39 [notice] 1#1: signal 17 (SIGCHLD) received from 30
2022/08/19 12:32:39 [notice] 1#1: worker process 30 exited with code 0
2022/08/19 12:32:39 [notice] 1#1: signal 29 (SIGIO) received
2022/08/19 12:32:39 [notice] 1#1: signal 17 (SIGCHLD) received from 31
2022/08/19 12:32:39 [notice] 1#1: worker process 31 exited with code 0
2022/08/19 12:32:39 [notice] 1#1: signal 29 (SIGIO) received
2022/08/19 12:32:39 [notice] 1#1: signal 17 (SIGCHLD) received from 33
2022/08/19 12:32:39 [notice] 1#1: worker process 32 exited with code 0
2022/08/19 12:32:39 [notice] 1#1: worker process 33 exited with code 0
2022/08/19 12:32:39 [notice] 1#1: worker process 34 exited with code 0
2022/08/19 12:32:39 [notice] 1#1: worker process 37 exited with code 0
2022/08/19 12:32:39 [notice] 1#1: signal 29 (SIGIO) received
2022/08/19 12:32:39 [notice] 1#1: signal 17 (SIGCHLD) received from 37
2022/08/19 12:32:39 [notice] 1#1: signal 17 (SIGCHLD) received from 35
2022/08/19 12:32:39 [notice] 1#1: worker process 35 exited with code 0
2022/08/19 12:32:39 [notice] 1#1: worker process 36 exited with code 0
2022/08/19 12:32:39 [notice] 1#1: exit
2022/08/19 12:32:53 [notice] 1#1: using the "epoll" event method
2022/08/19 12:32:53 [notice] 1#1: nginx/1.23.1
2022/08/19 12:32:53 [notice] 1#1: built by gcc 10.2.1 20210110 (Debian 10.2.1-6) 
2022/08/19 12:32:53 [notice] 1#1: OS: Linux 5.4.0-122-generic
2022/08/19 12:32:53 [notice] 1#1: getrlimit(RLIMIT_NOFILE): 1048576:1048576
2022/08/19 12:32:53 [notice] 1#1: start worker processes
2022/08/19 12:32:53 [notice] 1#1: start worker process 30
2022/08/19 12:32:53 [notice] 1#1: start worker process 31
2022/08/19 12:32:53 [notice] 1#1: start worker process 32
2022/08/19 12:32:53 [notice] 1#1: start worker process 33
2022/08/19 12:32:53 [notice] 1#1: start worker process 34
2022/08/19 12:32:53 [notice] 1#1: start worker process 35
2022/08/19 12:32:53 [notice] 1#1: start worker process 36
2022/08/19 12:32:53 [notice] 1#1: start worker process 37
2022/08/19 12:33:34 [notice] 1#1: signal 3 (SIGQUIT) received, shutting down
2022/08/19 12:33:34 [notice] 30#30: gracefully shutting down
2022/08/19 12:33:34 [notice] 31#31: gracefully shutting down
2022/08/19 12:33:34 [notice] 32#32: gracefully shutting down
2022/08/19 12:33:34 [notice] 33#33: gracefully shutting down
2022/08/19 12:33:34 [notice] 34#34: gracefully shutting down
2022/08/19 12:33:34 [notice] 32#32: exiting
2022/08/19 12:33:34 [notice] 31#31: exiting
2022/08/19 12:33:34 [notice] 37#37: gracefully shutting down
2022/08/19 12:33:34 [notice] 33#33: exiting
2022/08/19 12:33:34 [notice] 34#34: exiting
2022/08/19 12:33:34 [notice] 37#37: exiting
2022/08/19 12:33:34 [notice] 30#30: exiting
2022/08/19 12:33:34 [notice] 31#31: exit
2022/08/19 12:33:34 [notice] 32#32: exit
2022/08/19 12:33:34 [notice] 33#33: exit
2022/08/19 12:33:34 [notice] 34#34: exit
2022/08/19 12:33:34 [notice] 30#30: exit
2022/08/19 12:33:34 [notice] 37#37: exit
2022/08/19 12:33:34 [notice] 35#35: gracefully shutting down
2022/08/19 12:33:34 [notice] 36#36: gracefully shutting down
2022/08/19 12:33:34 [notice] 35#35: exiting
2022/08/19 12:33:34 [notice] 36#36: exiting
2022/08/19 12:33:34 [notice] 35#35: exit
2022/08/19 12:33:34 [notice] 36#36: exit
2022/08/19 12:33:34 [notice] 1#1: signal 17 (SIGCHLD) received from 36
2022/08/19 12:33:34 [notice] 1#1: worker process 33 exited with code 0
2022/08/19 12:33:34 [notice] 1#1: worker process 36 exited with code 0
2022/08/19 12:33:34 [notice] 1#1: signal 29 (SIGIO) received
2022/08/19 12:33:34 [notice] 1#1: signal 17 (SIGCHLD) received from 37
2022/08/19 12:33:34 [notice] 1#1: worker process 34 exited with code 0
2022/08/19 12:33:34 [notice] 1#1: worker process 37 exited with code 0
2022/08/19 12:33:34 [notice] 1#1: signal 29 (SIGIO) received
2022/08/19 12:33:34 [notice] 1#1: signal 17 (SIGCHLD) received from 32
2022/08/19 12:33:34 [notice] 1#1: worker process 32 exited with code 0
2022/08/19 12:33:34 [notice] 1#1: signal 29 (SIGIO) received
2022/08/19 12:33:34 [notice] 1#1: signal 17 (SIGCHLD) received from 30
2022/08/19 12:33:34 [notice] 1#1: worker process 30 exited with code 0
2022/08/19 12:33:34 [notice] 1#1: signal 29 (SIGIO) received
2022/08/19 12:33:34 [notice] 1#1: signal 17 (SIGCHLD) received from 31
2022/08/19 12:33:34 [notice] 1#1: worker process 31 exited with code 0
2022/08/19 12:33:34 [notice] 1#1: signal 29 (SIGIO) received
2022/08/19 12:33:34 [notice] 1#1: signal 17 (SIGCHLD) received from 35
2022/08/19 12:33:34 [notice] 1#1: worker process 35 exited with code 0
2022/08/19 12:33:34 [notice] 1#1: exit
2022/08/19 12:33:48 [notice] 1#1: using the "epoll" event method
2022/08/19 12:33:48 [notice] 1#1: nginx/1.23.1
2022/08/19 12:33:48 [notice] 1#1: built by gcc 10.2.1 20210110 (Debian 10.2.1-6) 
2022/08/19 12:33:48 [notice] 1#1: OS: Linux 5.4.0-122-generic
2022/08/19 12:33:48 [notice] 1#1: getrlimit(RLIMIT_NOFILE): 1048576:1048576
2022/08/19 12:33:48 [notice] 1#1: start worker processes
2022/08/19 12:33:48 [notice] 1#1: start worker process 30
2022/08/19 12:33:48 [notice] 1#1: start worker process 31
2022/08/19 12:33:48 [notice] 1#1: start worker process 32
2022/08/19 12:33:48 [notice] 1#1: start worker process 33
2022/08/19 12:33:48 [notice] 1#1: start worker process 34
2022/08/19 12:33:48 [notice] 1#1: start worker process 35
2022/08/19 12:33:48 [notice] 1#1: start worker process 36
2022/08/19 12:33:48 [notice] 1#1: start worker process 37
2022/08/19 13:14:23 [notice] 1#1: signal 3 (SIGQUIT) received, shutting down
2022/08/19 13:14:23 [notice] 30#30: gracefully shutting down
2022/08/19 13:14:23 [notice] 31#31: gracefully shutting down
2022/08/19 13:14:23 [notice] 32#32: gracefully shutting down
2022/08/19 13:14:23 [notice] 33#33: gracefully shutting down
2022/08/19 13:14:23 [notice] 34#34: gracefully shutting down
2022/08/19 13:14:23 [notice] 37#37: gracefully shutting down
2022/08/19 13:14:23 [notice] 30#30: exiting
2022/08/19 13:14:23 [notice] 33#33: exiting
2022/08/19 13:14:23 [notice] 31#31: exiting
2022/08/19 13:14:23 [notice] 34#34: exiting
2022/08/19 13:14:23 [notice] 32#32: exiting
2022/08/19 13:14:23 [notice] 37#37: exiting
2022/08/19 13:14:23 [notice] 35#35: gracefully shutting down
2022/08/19 13:14:23 [notice] 33#33: exit
2022/08/19 13:14:23 [notice] 37#37: exit
2022/08/19 13:14:23 [notice] 36#36: gracefully shutting down
2022/08/19 13:14:23 [notice] 32#32: exit
2022/08/19 13:14:23 [notice] 31#31: exit
2022/08/19 13:14:23 [notice] 34#34: exit
2022/08/19 13:14:23 [notice] 35#35: exiting
2022/08/19 13:14:23 [notice] 30#30: exit
2022/08/19 13:14:23 [notice] 36#36: exiting
2022/08/19 13:14:23 [notice] 35#35: exit
2022/08/19 13:14:23 [notice] 36#36: exit
2022/08/19 13:14:23 [notice] 1#1: signal 17 (SIGCHLD) received from 36
2022/08/19 13:14:23 [notice] 1#1: worker process 30 exited with code 0
2022/08/19 13:14:23 [notice] 1#1: worker process 31 exited with code 0
2022/08/19 13:14:23 [notice] 1#1: worker process 34 exited with code 0
2022/08/19 13:14:23 [notice] 1#1: worker process 36 exited with code 0
2022/08/19 13:14:23 [notice] 1#1: worker process 37 exited with code 0
2022/08/19 13:14:23 [notice] 1#1: signal 29 (SIGIO) received
2022/08/19 13:14:23 [notice] 1#1: signal 17 (SIGCHLD) received from 37
2022/08/19 13:14:23 [notice] 1#1: signal 17 (SIGCHLD) received from 33
2022/08/19 13:14:23 [notice] 1#1: worker process 33 exited with code 0
2022/08/19 13:14:23 [notice] 1#1: signal 29 (SIGIO) received
2022/08/19 13:14:23 [notice] 1#1: signal 17 (SIGCHLD) received from 32
2022/08/19 13:14:23 [notice] 1#1: worker process 32 exited with code 0
2022/08/19 13:14:23 [notice] 1#1: signal 29 (SIGIO) received
2022/08/19 13:14:23 [notice] 1#1: signal 17 (SIGCHLD) received from 35
2022/08/19 13:14:23 [notice] 1#1: worker process 35 exited with code 0
2022/08/19 13:14:23 [notice] 1#1: exit
2022/08/19 13:14:54 [notice] 1#1: using the "epoll" event method
2022/08/19 13:14:54 [notice] 1#1: nginx/1.23.1
2022/08/19 13:14:54 [notice] 1#1: built by gcc 10.2.1 20210110 (Debian 10.2.1-6) 
2022/08/19 13:14:54 [notice] 1#1: OS: Linux 5.4.0-122-generic
2022/08/19 13:14:54 [notice] 1#1: getrlimit(RLIMIT_NOFILE): 1048576:1048576
2022/08/19 13:14:54 [notice] 1#1: start worker processes
2022/08/19 13:14:54 [notice] 1#1: start worker process 30
2022/08/19 13:14:54 [notice] 1#1: start worker process 31
2022/08/19 13:14:54 [notice] 1#1: start worker process 32
2022/08/19 13:14:54 [notice] 1#1: start worker process 33
2022/08/19 13:14:54 [notice] 1#1: start worker process 34
2022/08/19 13:14:54 [notice] 1#1: start worker process 35
2022/08/19 13:14:54 [notice] 1#1: start worker process 36
2022/08/19 13:14:54 [notice] 1#1: start worker process 37
2022/08/19 18:50:41 [notice] 1#1: signal 3 (SIGQUIT) received, shutting down
2022/08/19 18:50:41 [notice] 31#31: gracefully shutting down
2022/08/19 18:50:41 [notice] 33#33: gracefully shutting down
2022/08/19 18:50:41 [notice] 36#36: gracefully shutting down
2022/08/19 18:50:41 [notice] 31#31: exiting
2022/08/19 18:50:41 [notice] 33#33: exiting
2022/08/19 18:50:41 [notice] 36#36: exiting
2022/08/19 18:50:41 [notice] 31#31: exit
2022/08/19 18:50:41 [notice] 33#33: exit
2022/08/19 18:50:41 [notice] 36#36: exit
2022/08/19 18:50:41 [notice] 37#37: gracefully shutting down
2022/08/19 18:50:41 [notice] 37#37: exiting
2022/08/19 18:50:41 [notice] 37#37: exit
2022/08/19 18:50:41 [notice] 35#35: gracefully shutting down
2022/08/19 18:50:41 [notice] 34#34: gracefully shutting down
2022/08/19 18:50:41 [notice] 35#35: exiting
2022/08/19 18:50:41 [notice] 34#34: exiting
2022/08/19 18:50:41 [notice] 35#35: exit
2022/08/19 18:50:41 [notice] 34#34: exit
2022/08/19 18:50:41 [notice] 32#32: gracefully shutting down
2022/08/19 18:50:41 [notice] 32#32: exiting
2022/08/19 18:50:41 [notice] 32#32: exit
2022/08/19 18:50:41 [notice] 30#30: gracefully shutting down
2022/08/19 18:50:41 [notice] 30#30: exiting
2022/08/19 18:50:41 [notice] 30#30: exit
2022/08/19 18:50:41 [notice] 1#1: signal 17 (SIGCHLD) received from 36
2022/08/19 18:50:41 [notice] 1#1: worker process 34 exited with code 0
2022/08/19 18:50:41 [notice] 1#1: worker process 36 exited with code 0
2022/08/19 18:50:41 [notice] 1#1: signal 29 (SIGIO) received
2022/08/19 18:50:41 [notice] 1#1: signal 17 (SIGCHLD) received from 34
2022/08/19 18:50:41 [notice] 1#1: signal 17 (SIGCHLD) received from 32
2022/08/19 18:50:41 [notice] 1#1: worker process 32 exited with code 0
2022/08/19 18:50:41 [notice] 1#1: signal 29 (SIGIO) received
2022/08/19 18:50:41 [notice] 1#1: signal 17 (SIGCHLD) received from 30
2022/08/19 18:50:41 [notice] 1#1: worker process 30 exited with code 0
2022/08/19 18:50:41 [notice] 1#1: signal 29 (SIGIO) received
2022/08/19 18:50:41 [notice] 1#1: signal 17 (SIGCHLD) received from 31
2022/08/19 18:50:41 [notice] 1#1: worker process 31 exited with code 0
2022/08/19 18:50:41 [notice] 1#1: worker process 33 exited with code 0
2022/08/19 18:50:41 [notice] 1#1: signal 29 (SIGIO) received
2022/08/19 18:50:41 [notice] 1#1: signal 17 (SIGCHLD) received from 35
2022/08/19 18:50:41 [notice] 1#1: worker process 35 exited with code 0
2022/08/19 18:50:41 [notice] 1#1: signal 29 (SIGIO) received
2022/08/19 18:50:41 [notice] 1#1: signal 17 (SIGCHLD) received from 37
2022/08/19 18:50:41 [notice] 1#1: worker process 37 exited with code 0
2022/08/19 18:50:41 [notice] 1#1: exit
2022/08/19 20:54:36 [notice] 1#1: using the "epoll" event method
2022/08/19 20:54:36 [notice] 1#1: nginx/1.23.1
2022/08/19 20:54:36 [notice] 1#1: built by gcc 10.2.1 20210110 (Debian 10.2.1-6) 
2022/08/19 20:54:36 [notice] 1#1: OS: Linux 5.4.0-122-generic
2022/08/19 20:54:36 [notice] 1#1: getrlimit(RLIMIT_NOFILE): 1048576:1048576
2022/08/19 20:54:36 [notice] 1#1: start worker processes
2022/08/19 20:54:36 [notice] 1#1: start worker process 30
2022/08/19 20:54:36 [notice] 1#1: start worker process 31
2022/08/19 20:54:36 [notice] 1#1: start worker process 32
2022/08/19 20:54:36 [notice] 1#1: start worker process 33
2022/08/19 20:54:36 [notice] 1#1: start worker process 34
2022/08/19 20:54:36 [notice] 1#1: start worker process 35
2022/08/19 20:54:36 [notice] 1#1: start worker process 36
2022/08/19 20:54:36 [notice] 1#1: start worker process 37
2022/08/20 11:54:53 [notice] 1#1: signal 3 (SIGQUIT) received, shutting down
2022/08/20 11:54:53 [notice] 31#31: gracefully shutting down
2022/08/20 11:54:53 [notice] 32#32: gracefully shutting down
2022/08/20 11:54:53 [notice] 36#36: gracefully shutting down
2022/08/20 11:54:53 [notice] 35#35: gracefully shutting down
2022/08/20 11:54:53 [notice] 32#32: exiting
2022/08/20 11:54:53 [notice] 36#36: exiting
2022/08/20 11:54:53 [notice] 35#35: exiting
2022/08/20 11:54:53 [notice] 35#35: exit
2022/08/20 11:54:53 [notice] 36#36: exit
2022/08/20 11:54:53 [notice] 32#32: exit
2022/08/20 11:54:53 [notice] 30#30: gracefully shutting down
2022/08/20 11:54:53 [notice] 30#30: exiting
2022/08/20 11:54:53 [notice] 30#30: exit
2022/08/20 11:54:53 [notice] 34#34: gracefully shutting down
2022/08/20 11:54:53 [notice] 31#31: exiting
2022/08/20 11:54:53 [notice] 31#31: exit
2022/08/20 11:54:53 [notice] 37#37: gracefully shutting down
2022/08/20 11:54:53 [notice] 37#37: exiting
2022/08/20 11:54:53 [notice] 37#37: exit
2022/08/20 11:54:53 [notice] 34#34: exiting
2022/08/20 11:54:53 [notice] 34#34: exit
2022/08/20 11:54:53 [notice] 33#33: gracefully shutting down
2022/08/20 11:54:53 [notice] 33#33: exiting
2022/08/20 11:54:53 [notice] 33#33: exit
2022/08/20 11:54:53 [notice] 1#1: signal 17 (SIGCHLD) received from 35
2022/08/20 11:54:53 [notice] 1#1: worker process 35 exited with code 0
2022/08/20 11:54:53 [notice] 1#1: signal 29 (SIGIO) received
2022/08/20 11:54:53 [notice] 1#1: signal 17 (SIGCHLD) received from 30
2022/08/20 11:54:53 [notice] 1#1: worker process 30 exited with code 0
2022/08/20 11:54:53 [notice] 1#1: signal 29 (SIGIO) received
2022/08/20 11:54:53 [notice] 1#1: signal 17 (SIGCHLD) received from 36
2022/08/20 11:54:53 [notice] 1#1: worker process 31 exited with code 0
2022/08/20 11:54:53 [notice] 1#1: worker process 36 exited with code 0
2022/08/20 11:54:53 [notice] 1#1: signal 29 (SIGIO) received
2022/08/20 11:54:53 [notice] 1#1: signal 17 (SIGCHLD) received from 31
2022/08/20 11:54:53 [notice] 1#1: signal 17 (SIGCHLD) received from 37
2022/08/20 11:54:53 [notice] 1#1: worker process 37 exited with code 0
2022/08/20 11:54:53 [notice] 1#1: signal 29 (SIGIO) received
2022/08/20 11:54:53 [notice] 1#1: signal 17 (SIGCHLD) received from 34
2022/08/20 11:54:53 [notice] 1#1: worker process 34 exited with code 0
2022/08/20 11:54:53 [notice] 1#1: signal 29 (SIGIO) received
2022/08/20 11:54:53 [notice] 1#1: signal 17 (SIGCHLD) received from 32
2022/08/20 11:54:53 [notice] 1#1: worker process 32 exited with code 0
2022/08/20 11:54:53 [notice] 1#1: signal 29 (SIGIO) received
2022/08/20 11:54:53 [notice] 1#1: signal 17 (SIGCHLD) received from 33
2022/08/20 11:54:53 [notice] 1#1: worker process 33 exited with code 0
2022/08/20 11:54:53 [notice] 1#1: exit
2022/08/20 13:50:46 [notice] 1#1: using the "epoll" event method
2022/08/20 13:50:46 [notice] 1#1: nginx/1.23.1
2022/08/20 13:50:46 [notice] 1#1: built by gcc 10.2.1 20210110 (Debian 10.2.1-6) 
2022/08/20 13:50:46 [notice] 1#1: OS: Linux 5.4.0-122-generic
2022/08/20 13:50:46 [notice] 1#1: getrlimit(RLIMIT_NOFILE): 1048576:1048576
2022/08/20 13:50:46 [notice] 1#1: start worker processes
2022/08/20 13:50:46 [notice] 1#1: start worker process 29
2022/08/20 13:50:46 [notice] 1#1: start worker process 30
2022/08/20 13:50:46 [notice] 1#1: start worker process 31
2022/08/20 13:50:46 [notice] 1#1: start worker process 32
2022/08/20 13:50:46 [notice] 1#1: start worker process 33
2022/08/20 13:50:46 [notice] 1#1: start worker process 34
2022/08/20 13:50:46 [notice] 1#1: start worker process 35
2022/08/20 13:50:46 [notice] 1#1: start worker process 36
2022/08/20 14:15:25 [notice] 1#1: signal 3 (SIGQUIT) received, shutting down
2022/08/20 14:15:25 [notice] 31#31: gracefully shutting down
2022/08/20 14:15:25 [notice] 30#30: gracefully shutting down
2022/08/20 14:15:25 [notice] 32#32: gracefully shutting down
2022/08/20 14:15:25 [notice] 33#33: gracefully shutting down
2022/08/20 14:15:25 [notice] 34#34: gracefully shutting down
2022/08/20 14:15:25 [notice] 31#31: exiting
2022/08/20 14:15:25 [notice] 30#30: exiting
2022/08/20 14:15:25 [notice] 32#32: exiting
2022/08/20 14:15:25 [notice] 33#33: exiting
2022/08/20 14:15:25 [notice] 34#34: exiting
2022/08/20 14:15:25 [notice] 29#29: gracefully shutting down
2022/08/20 14:15:25 [notice] 33#33: exit
2022/08/20 14:15:25 [notice] 31#31: exit
2022/08/20 14:15:25 [notice] 32#32: exit
2022/08/20 14:15:25 [notice] 29#29: exiting
2022/08/20 14:15:25 [notice] 34#34: exit
2022/08/20 14:15:25 [notice] 30#30: exit
2022/08/20 14:15:25 [notice] 29#29: exit
2022/08/20 14:15:25 [notice] 35#35: gracefully shutting down
2022/08/20 14:15:25 [notice] 36#36: gracefully shutting down
2022/08/20 14:15:25 [notice] 35#35: exiting
2022/08/20 14:15:25 [notice] 36#36: exiting
2022/08/20 14:15:25 [notice] 35#35: exit
2022/08/20 14:15:25 [notice] 36#36: exit
2022/08/20 14:15:26 [notice] 1#1: signal 17 (SIGCHLD) received from 36
2022/08/20 14:15:26 [notice] 1#1: worker process 36 exited with code 0
2022/08/20 14:15:26 [notice] 1#1: worker process 31 exited with code 0
2022/08/20 14:15:26 [notice] 1#1: worker process 33 exited with code 0
2022/08/20 14:15:26 [notice] 1#1: signal 29 (SIGIO) received
2022/08/20 14:15:26 [notice] 1#1: signal 17 (SIGCHLD) received from 33
2022/08/20 14:15:26 [notice] 1#1: signal 17 (SIGCHLD) received from 35
2022/08/20 14:15:26 [notice] 1#1: worker process 30 exited with code 0
2022/08/20 14:15:26 [notice] 1#1: worker process 32 exited with code 0
2022/08/20 14:15:26 [notice] 1#1: worker process 35 exited with code 0
2022/08/20 14:15:26 [notice] 1#1: signal 29 (SIGIO) received
2022/08/20 14:15:26 [notice] 1#1: signal 17 (SIGCHLD) received from 32
2022/08/20 14:15:26 [notice] 1#1: signal 17 (SIGCHLD) received from 29
2022/08/20 14:15:26 [notice] 1#1: worker process 29 exited with code 0
2022/08/20 14:15:26 [notice] 1#1: signal 29 (SIGIO) received
2022/08/20 14:15:26 [notice] 1#1: signal 17 (SIGCHLD) received from 34
2022/08/20 14:15:26 [notice] 1#1: worker process 34 exited with code 0
2022/08/20 14:15:26 [notice] 1#1: exit
2022/08/20 14:15:55 [notice] 1#1: using the "epoll" event method
2022/08/20 14:15:55 [notice] 1#1: nginx/1.23.1
2022/08/20 14:15:55 [notice] 1#1: built by gcc 10.2.1 20210110 (Debian 10.2.1-6) 
2022/08/20 14:15:55 [notice] 1#1: OS: Linux 5.4.0-122-generic
2022/08/20 14:15:55 [notice] 1#1: getrlimit(RLIMIT_NOFILE): 1048576:1048576
2022/08/20 14:15:55 [notice] 1#1: start worker processes
2022/08/20 14:15:55 [notice] 1#1: start worker process 30
2022/08/20 14:15:55 [notice] 1#1: start worker process 31
2022/08/20 14:15:55 [notice] 1#1: start worker process 32
2022/08/20 14:15:55 [notice] 1#1: start worker process 33
2022/08/20 14:15:55 [notice] 1#1: start worker process 34
2022/08/20 14:15:55 [notice] 1#1: start worker process 35
2022/08/20 14:15:55 [notice] 1#1: start worker process 36
2022/08/20 14:15:55 [notice] 1#1: start worker process 37
2022/08/20 20:13:36 [notice] 1#1: signal 3 (SIGQUIT) received, shutting down
2022/08/20 20:13:36 [notice] 32#32: gracefully shutting down
2022/08/20 20:13:36 [notice] 32#32: exiting
2022/08/20 20:13:36 [notice] 32#32: exit
2022/08/20 20:13:36 [notice] 30#30: gracefully shutting down
2022/08/20 20:13:36 [notice] 30#30: exiting
2022/08/20 20:13:36 [notice] 30#30: exit
2022/08/20 20:13:36 [notice] 36#36: gracefully shutting down
2022/08/20 20:13:36 [notice] 35#35: gracefully shutting down
2022/08/20 20:13:36 [notice] 37#37: gracefully shutting down
2022/08/20 20:13:36 [notice] 36#36: exiting
2022/08/20 20:13:36 [notice] 35#35: exiting
2022/08/20 20:13:36 [notice] 37#37: exiting
2022/08/20 20:13:36 [notice] 36#36: exit
2022/08/20 20:13:36 [notice] 35#35: exit
2022/08/20 20:13:36 [notice] 37#37: exit
2022/08/20 20:13:36 [notice] 34#34: gracefully shutting down
2022/08/20 20:13:36 [notice] 34#34: exiting
2022/08/20 20:13:36 [notice] 34#34: exit
2022/08/20 20:13:36 [notice] 33#33: gracefully shutting down
2022/08/20 20:13:36 [notice] 33#33: exiting
2022/08/20 20:13:36 [notice] 33#33: exit
2022/08/20 20:13:36 [notice] 31#31: gracefully shutting down
2022/08/20 20:13:36 [notice] 31#31: exiting
2022/08/20 20:13:36 [notice] 31#31: exit
2022/08/20 20:13:36 [notice] 1#1: signal 17 (SIGCHLD) received from 36
2022/08/20 20:13:36 [notice] 1#1: worker process 36 exited with code 0
2022/08/20 20:13:36 [notice] 1#1: signal 29 (SIGIO) received
2022/08/20 20:13:36 [notice] 1#1: signal 17 (SIGCHLD) received from 30
2022/08/20 20:13:36 [notice] 1#1: worker process 30 exited with code 0
2022/08/20 20:13:36 [notice] 1#1: worker process 32 exited with code 0
2022/08/20 20:13:36 [notice] 1#1: signal 29 (SIGIO) received
2022/08/20 20:13:36 [notice] 1#1: signal 17 (SIGCHLD) received from 35
2022/08/20 20:13:36 [notice] 1#1: worker process 35 exited with code 0
2022/08/20 20:13:36 [notice] 1#1: signal 29 (SIGIO) received
2022/08/20 20:13:36 [notice] 1#1: signal 17 (SIGCHLD) received from 33
2022/08/20 20:13:36 [notice] 1#1: worker process 33 exited with code 0
2022/08/20 20:13:36 [notice] 1#1: signal 29 (SIGIO) received
2022/08/20 20:13:36 [notice] 1#1: signal 17 (SIGCHLD) received from 31
2022/08/20 20:13:36 [notice] 1#1: worker process 31 exited with code 0
2022/08/20 20:13:36 [notice] 1#1: signal 29 (SIGIO) received
2022/08/20 20:13:36 [notice] 1#1: signal 17 (SIGCHLD) received from 34
2022/08/20 20:13:36 [notice] 1#1: worker process 34 exited with code 0
2022/08/20 20:13:36 [notice] 1#1: signal 29 (SIGIO) received
2022/08/20 20:13:36 [notice] 1#1: signal 17 (SIGCHLD) received from 37
2022/08/20 20:13:36 [notice] 1#1: worker process 37 exited with code 0
2022/08/20 20:13:36 [notice] 1#1: exit
2022/08/21 10:27:10 [notice] 1#1: using the "epoll" event method
2022/08/21 10:27:10 [notice] 1#1: nginx/1.23.1
2022/08/21 10:27:10 [notice] 1#1: built by gcc 10.2.1 20210110 (Debian 10.2.1-6) 
2022/08/21 10:27:10 [notice] 1#1: OS: Linux 5.4.0-122-generic
2022/08/21 10:27:10 [notice] 1#1: getrlimit(RLIMIT_NOFILE): 1048576:1048576
2022/08/21 10:27:10 [notice] 1#1: start worker processes
2022/08/21 10:27:10 [notice] 1#1: start worker process 30
2022/08/21 10:27:10 [notice] 1#1: start worker process 31
2022/08/21 10:27:10 [notice] 1#1: start worker process 32
2022/08/21 10:27:10 [notice] 1#1: start worker process 33
2022/08/21 10:27:10 [notice] 1#1: start worker process 34
2022/08/21 10:27:10 [notice] 1#1: start worker process 35
2022/08/21 10:27:10 [notice] 1#1: start worker process 36
2022/08/21 10:27:10 [notice] 1#1: start worker process 37
2022/08/22 14:10:11 [notice] 1#1: signal 3 (SIGQUIT) received, shutting down
2022/08/22 14:10:11 [notice] 31#31: gracefully shutting down
2022/08/22 14:10:11 [notice] 32#32: gracefully shutting down
2022/08/22 14:10:11 [notice] 33#33: gracefully shutting down
2022/08/22 14:10:11 [notice] 35#35: gracefully shutting down
2022/08/22 14:10:11 [notice] 36#36: gracefully shutting down
2022/08/22 14:10:11 [notice] 31#31: exiting
2022/08/22 14:10:11 [notice] 30#30: gracefully shutting down
2022/08/22 14:10:11 [notice] 32#32: exiting
2022/08/22 14:10:11 [notice] 33#33: exiting
2022/08/22 14:10:11 [notice] 35#35: exiting
2022/08/22 14:10:11 [notice] 36#36: exiting
2022/08/22 14:10:11 [notice] 30#30: exiting
2022/08/22 14:10:11 [notice] 35#35: exit
2022/08/22 14:10:11 [notice] 32#32: exit
2022/08/22 14:10:11 [notice] 31#31: exit
2022/08/22 14:10:11 [notice] 33#33: exit
2022/08/22 14:10:11 [notice] 30#30: exit
2022/08/22 14:10:11 [notice] 36#36: exit
2022/08/22 14:10:11 [notice] 34#34: gracefully shutting down
2022/08/22 14:10:11 [notice] 37#37: gracefully shutting down
2022/08/22 14:10:11 [notice] 34#34: exiting
2022/08/22 14:10:11 [notice] 37#37: exiting
2022/08/22 14:10:11 [notice] 34#34: exit
2022/08/22 14:10:11 [notice] 37#37: exit
2022/08/22 14:10:11 [notice] 1#1: signal 17 (SIGCHLD) received from 32
2022/08/22 14:10:11 [notice] 1#1: worker process 32 exited with code 0
2022/08/22 14:10:11 [notice] 1#1: signal 29 (SIGIO) received
2022/08/22 14:10:11 [notice] 1#1: signal 17 (SIGCHLD) received from 34
2022/08/22 14:10:11 [notice] 1#1: worker process 34 exited with code 0
2022/08/22 14:10:11 [notice] 1#1: worker process 36 exited with code 0
2022/08/22 14:10:11 [notice] 1#1: signal 29 (SIGIO) received
2022/08/22 14:10:11 [notice] 1#1: signal 17 (SIGCHLD) received from 33
2022/08/22 14:10:11 [notice] 1#1: worker process 33 exited with code 0
2022/08/22 14:10:11 [notice] 1#1: signal 29 (SIGIO) received
2022/08/22 14:10:11 [notice] 1#1: signal 17 (SIGCHLD) received from 31
2022/08/22 14:10:11 [notice] 1#1: worker process 31 exited with code 0
2022/08/22 14:10:11 [notice] 1#1: worker process 35 exited with code 0
2022/08/22 14:10:11 [notice] 1#1: signal 29 (SIGIO) received
2022/08/22 14:10:11 [notice] 1#1: signal 17 (SIGCHLD) received from 35
2022/08/22 14:10:11 [notice] 1#1: signal 17 (SIGCHLD) received from 37
2022/08/22 14:10:11 [notice] 1#1: worker process 30 exited with code 0
2022/08/22 14:10:11 [notice] 1#1: worker process 37 exited with code 0
2022/08/22 14:10:11 [notice] 1#1: exit
2022/08/22 14:12:54 [notice] 1#1: using the "epoll" event method
2022/08/22 14:12:54 [notice] 1#1: nginx/1.23.1
2022/08/22 14:12:54 [notice] 1#1: built by gcc 10.2.1 20210110 (Debian 10.2.1-6) 
2022/08/22 14:12:54 [notice] 1#1: OS: Linux 5.4.0-122-generic
2022/08/22 14:12:54 [notice] 1#1: getrlimit(RLIMIT_NOFILE): 1048576:1048576
2022/08/22 14:12:54 [notice] 1#1: start worker processes
2022/08/22 14:12:54 [notice] 1#1: start worker process 29
2022/08/22 14:12:54 [notice] 1#1: start worker process 30
2022/08/22 14:12:54 [notice] 1#1: start worker process 31
2022/08/22 14:12:54 [notice] 1#1: start worker process 32
2022/08/22 14:12:54 [notice] 1#1: start worker process 33
2022/08/22 14:12:54 [notice] 1#1: start worker process 34
2022/08/22 14:12:54 [notice] 1#1: start worker process 35
2022/08/22 14:12:54 [notice] 1#1: start worker process 36
2022/08/22 14:17:53 [notice] 1#1: signal 3 (SIGQUIT) received, shutting down
2022/08/22 14:17:53 [notice] 34#34: gracefully shutting down
2022/08/22 14:17:53 [notice] 34#34: exiting
2022/08/22 14:17:53 [notice] 34#34: exit
2022/08/22 14:17:53 [notice] 36#36: gracefully shutting down
2022/08/22 14:17:53 [notice] 36#36: exiting
2022/08/22 14:17:53 [notice] 36#36: exit
2022/08/22 14:17:53 [notice] 29#29: gracefully shutting down
2022/08/22 14:17:53 [notice] 29#29: exiting
2022/08/22 14:17:53 [notice] 29#29: exit
2022/08/22 14:17:53 [notice] 30#30: gracefully shutting down
2022/08/22 14:17:53 [notice] 30#30: exiting
2022/08/22 14:17:53 [notice] 30#30: exit
2022/08/22 14:17:53 [notice] 35#35: gracefully shutting down
2022/08/22 14:17:53 [notice] 35#35: exiting
2022/08/22 14:17:53 [notice] 35#35: exit
2022/08/22 14:17:53 [notice] 31#31: gracefully shutting down
2022/08/22 14:17:53 [notice] 31#31: exiting
2022/08/22 14:17:53 [notice] 31#31: exit
2022/08/22 14:17:53 [notice] 33#33: gracefully shutting down
2022/08/22 14:17:53 [notice] 33#33: exiting
2022/08/22 14:17:53 [notice] 33#33: exit
2022/08/22 14:17:53 [notice] 32#32: gracefully shutting down
2022/08/22 14:17:53 [notice] 32#32: exiting
2022/08/22 14:17:53 [notice] 32#32: exit
2022/08/22 14:17:53 [notice] 1#1: signal 17 (SIGCHLD) received from 31
2022/08/22 14:17:53 [notice] 1#1: worker process 30 exited with code 0
2022/08/22 14:17:53 [notice] 1#1: worker process 29 exited with code 0
2022/08/22 14:17:53 [notice] 1#1: worker process 31 exited with code 0
2022/08/22 14:17:53 [notice] 1#1: worker process 33 exited with code 0
2022/08/22 14:17:53 [notice] 1#1: worker process 34 exited with code 0
2022/08/22 14:17:53 [notice] 1#1: worker process 36 exited with code 0
2022/08/22 14:17:53 [notice] 1#1: signal 29 (SIGIO) received
2022/08/22 14:17:53 [notice] 1#1: signal 17 (SIGCHLD) received from 30
2022/08/22 14:17:53 [notice] 1#1: signal 17 (SIGCHLD) received from 32
2022/08/22 14:17:53 [notice] 1#1: worker process 32 exited with code 0
2022/08/22 14:17:53 [notice] 1#1: signal 17 (SIGCHLD) received from 35
2022/08/22 14:17:53 [notice] 1#1: worker process 35 exited with code 0
2022/08/22 14:17:53 [notice] 1#1: exit
2022/08/22 14:19:11 [notice] 1#1: using the "epoll" event method
2022/08/22 14:19:11 [notice] 1#1: nginx/1.23.1
2022/08/22 14:19:11 [notice] 1#1: built by gcc 10.2.1 20210110 (Debian 10.2.1-6) 
2022/08/22 14:19:11 [notice] 1#1: OS: Linux 5.4.0-122-generic
2022/08/22 14:19:11 [notice] 1#1: getrlimit(RLIMIT_NOFILE): 1048576:1048576
2022/08/22 14:19:11 [notice] 1#1: start worker processes
2022/08/22 14:19:11 [notice] 1#1: start worker process 30
2022/08/22 14:19:11 [notice] 1#1: start worker process 31
2022/08/22 14:19:11 [notice] 1#1: start worker process 32
2022/08/22 14:19:11 [notice] 1#1: start worker process 33
2022/08/22 14:19:11 [notice] 1#1: start worker process 34
2022/08/22 14:19:11 [notice] 1#1: start worker process 35
2022/08/22 14:19:11 [notice] 1#1: start worker process 36
2022/08/22 14:19:11 [notice] 1#1: start worker process 37
